2025-12-15-13h-22min-26sec: disk: sda 447.1G
2025-12-15-13h-22min-26sec: partition: sda1 1G part /boot/EFI 480K used 1%
2025-12-15-13h-22min-26sec: partition: sda2 1G part /boot 106M used 12%
2025-12-15-13h-22min-26sec: partition : sda4 437.1G part
2025-12-15-13h-22min-26sec: partition: system_volgroup0-lv_root 150G lvm / 18G used 13%
2025-12-15-13h-22min-26sec: partition: system_volgroup0-lv_home 287.1G lvm /home 15G used 6%
2025-12-15-13h-22min-26sec: disk: sdb 298.1G
2025-12-15-13h-22min-26sec: partition : sdb1 298.1G part
2025-12-15-13h-22min-26sec: partition : secdata_volgroup0-lv_secdata 298.1G lvm
2025-12-15-13h-22min-26sec: disk: sdc 465.8G
2025-12-15-13h-22min-26sec: partition : sdc1 465.8G part
2025-12-15-13h-22min-26sec: partition: data_volgroup0-lv_data 465.7G lvm /data 2.1M used 1%
2025-12-15-13h-22min-26sec: disk: sdd 29.8G
2025-12-15-13h-22min-26sec: partition : sdd1 29.8G part
===============================
2025-12-15-13h-22min-31sec: disk: sda 447.1G
2025-12-15-13h-22min-31sec: partition: sda1 1G part /boot/EFI 480K used 1%
2025-12-15-13h-22min-31sec: partition: sda2 1G part /boot 106M used 12%
2025-12-15-13h-22min-31sec: partition : sda4 437.1G part
2025-12-15-13h-22min-31sec: partition: system_volgroup0-lv_root 150G lvm / 18G used 13%
2025-12-15-13h-22min-31sec: partition: system_volgroup0-lv_home 287.1G lvm /home 15G used 6%
2025-12-15-13h-22min-31sec: disk: sdb 298.1G
2025-12-15-13h-22min-31sec: partition : sdb1 298.1G part
2025-12-15-13h-22min-31sec: partition : secdata_volgroup0-lv_secdata 298.1G lvm
2025-12-15-13h-22min-31sec: disk: sdc 465.8G
2025-12-15-13h-22min-31sec: partition : sdc1 465.8G part
2025-12-15-13h-22min-31sec: partition: data_volgroup0-lv_data 465.7G lvm /data 2.1M used 1%
2025-12-15-13h-22min-31sec: disk: sdd 29.8G
2025-12-15-13h-22min-31sec: partition : sdd1 29.8G part
===============================
2025-12-15-13h-22min-35sec: disk: sda 447.1G
2025-12-15-13h-22min-35sec: partition: sda1 1G part /boot/EFI 480K used 1%
2025-12-15-13h-22min-35sec: partition: sda2 1G part /boot 106M used 12%
2025-12-15-13h-22min-35sec: partition : sda4 437.1G part
2025-12-15-13h-22min-35sec: partition: system_volgroup0-lv_root 150G lvm / 18G used 13%
2025-12-15-13h-22min-35sec: partition: system_volgroup0-lv_home 287.1G lvm /home 15G used 6%
2025-12-15-13h-22min-35sec: disk: sdb 298.1G
2025-12-15-13h-22min-35sec: partition : sdb1 298.1G part
2025-12-15-13h-22min-35sec: partition : secdata_volgroup0-lv_secdata 298.1G lvm
2025-12-15-13h-22min-35sec: disk: sdc 465.8G
2025-12-15-13h-22min-35sec: partition : sdc1 465.8G part
2025-12-15-13h-22min-35sec: partition: data_volgroup0-lv_data 465.7G lvm /data 2.1M used 1%
2025-12-15-13h-22min-35sec: disk: sdd 29.8G
2025-12-15-13h-22min-35sec: partition : sdd1 29.8G part
===============================
2025-12-15-13h-22min-39sec: disk: sda 447.1G
2025-12-15-13h-22min-39sec: partition: sda1 1G part /boot/EFI 480K used 1%
2025-12-15-13h-22min-39sec: partition: sda2 1G part /boot 106M used 12%
2025-12-15-13h-22min-39sec: partition : sda4 437.1G part
2025-12-15-13h-22min-39sec: partition: system_volgroup0-lv_root 150G lvm / 18G used 13%
2025-12-15-13h-22min-39sec: partition: system_volgroup0-lv_home 287.1G lvm /home 15G used 6%
2025-12-15-13h-22min-39sec: disk: sdb 298.1G
2025-12-15-13h-22min-39sec: partition : sdb1 298.1G part
2025-12-15-13h-22min-39sec: partition : secdata_volgroup0-lv_secdata 298.1G lvm
2025-12-15-13h-22min-39sec: disk: sdc 465.8G
2025-12-15-13h-22min-39sec: partition : sdc1 465.8G part
2025-12-15-13h-22min-39sec: partition: data_volgroup0-lv_data 465.7G lvm /data 2.1M used 1%
2025-12-15-13h-22min-39sec: disk: sdd 29.8G
2025-12-15-13h-22min-39sec: partition : sdd1 29.8G part
===============================
