2025-12-15-13h-42min-19sec: disk: sda 447.1G
2025-12-15-13h-42min-19sec: partition: sda1 1G part /boot/EFI 480K used 1%
2025-12-15-13h-42min-19sec: partition: sda2 1G part /boot 106M used 12%
2025-12-15-13h-42min-20sec: partition : sda4 437.1G part
2025-12-15-13h-42min-20sec: partition: system_volgroup0-lv_root 150G lvm / 18G used 13%
2025-12-15-13h-42min-20sec: partition: system_volgroup0-lv_home 287.1G lvm /home 15G used 6%
2025-12-15-13h-42min-20sec: disk: sdb 298.1G
2025-12-15-13h-42min-20sec: partition : sdb1 298.1G part
2025-12-15-13h-42min-20sec: partition : secdata_volgroup0-lv_secdata 298.1G lvm
2025-12-15-13h-42min-20sec: disk: sdc 465.8G
2025-12-15-13h-42min-20sec: partition : sdc1 465.8G part
2025-12-15-13h-42min-20sec: partition: data_volgroup0-lv_data 465.7G lvm /data 2.1M used 1%
2025-12-15-13h-42min-20sec: disk: sdd 29.8G
2025-12-15-13h-42min-20sec: partition : sdd1 29.8G part
===============================
2025-12-15-13h-42min-24sec: disk: sda 447.1G
2025-12-15-13h-42min-24sec: partition: sda1 1G part /boot/EFI 480K used 1%
2025-12-15-13h-42min-24sec: partition: sda2 1G part /boot 106M used 12%
2025-12-15-13h-42min-24sec: partition : sda4 437.1G part
2025-12-15-13h-42min-24sec: partition: system_volgroup0-lv_root 150G lvm / 18G used 13%
2025-12-15-13h-42min-24sec: partition: system_volgroup0-lv_home 287.1G lvm /home 15G used 6%
2025-12-15-13h-42min-24sec: disk: sdb 298.1G
2025-12-15-13h-42min-24sec: partition : sdb1 298.1G part
2025-12-15-13h-42min-24sec: partition : secdata_volgroup0-lv_secdata 298.1G lvm
2025-12-15-13h-42min-24sec: disk: sdc 465.8G
2025-12-15-13h-42min-24sec: partition : sdc1 465.8G part
2025-12-15-13h-42min-24sec: partition: data_volgroup0-lv_data 465.7G lvm /data 2.1M used 1%
2025-12-15-13h-42min-24sec: disk: sdd 29.8G
2025-12-15-13h-42min-24sec: partition : sdd1 29.8G part
===============================
2025-12-15-13h-42min-28sec: disk: sda 447.1G
2025-12-15-13h-42min-28sec: partition: sda1 1G part /boot/EFI 480K used 1%
2025-12-15-13h-42min-28sec: partition: sda2 1G part /boot 106M used 12%
2025-12-15-13h-42min-28sec: partition : sda4 437.1G part
2025-12-15-13h-42min-28sec: partition: system_volgroup0-lv_root 150G lvm / 18G used 13%
2025-12-15-13h-42min-28sec: partition: system_volgroup0-lv_home 287.1G lvm /home 15G used 6%
2025-12-15-13h-42min-28sec: disk: sdb 298.1G
2025-12-15-13h-42min-28sec: partition : sdb1 298.1G part
2025-12-15-13h-42min-28sec: partition : secdata_volgroup0-lv_secdata 298.1G lvm
2025-12-15-13h-42min-28sec: disk: sdc 465.8G
2025-12-15-13h-42min-28sec: partition : sdc1 465.8G part
2025-12-15-13h-42min-28sec: partition: data_volgroup0-lv_data 465.7G lvm /data 2.1M used 1%
2025-12-15-13h-42min-28sec: disk: sdd 29.8G
2025-12-15-13h-42min-28sec: partition : sdd1 29.8G part
===============================
2025-12-15-13h-42min-33sec: disk: sda 447.1G
2025-12-15-13h-42min-33sec: partition: sda1 1G part /boot/EFI 480K used 1%
2025-12-15-13h-42min-33sec: partition: sda2 1G part /boot 106M used 12%
2025-12-15-13h-42min-33sec: partition : sda4 437.1G part
2025-12-15-13h-42min-33sec: partition: system_volgroup0-lv_root 150G lvm / 18G used 13%
2025-12-15-13h-42min-33sec: partition: system_volgroup0-lv_home 287.1G lvm /home 15G used 6%
2025-12-15-13h-42min-33sec: disk: sdb 298.1G
2025-12-15-13h-42min-33sec: partition : sdb1 298.1G part
2025-12-15-13h-42min-33sec: partition : secdata_volgroup0-lv_secdata 298.1G lvm
2025-12-15-13h-42min-33sec: disk: sdc 465.8G
2025-12-15-13h-42min-33sec: partition : sdc1 465.8G part
2025-12-15-13h-42min-33sec: partition: data_volgroup0-lv_data 465.7G lvm /data 2.1M used 1%
2025-12-15-13h-42min-33sec: disk: sdd 29.8G
2025-12-15-13h-42min-33sec: partition : sdd1 29.8G part
===============================
2025-12-15-13h-42min-37sec: disk: sda 447.1G
2025-12-15-13h-42min-37sec: partition: sda1 1G part /boot/EFI 480K used 1%
2025-12-15-13h-42min-37sec: partition: sda2 1G part /boot 106M used 12%
2025-12-15-13h-42min-37sec: partition : sda4 437.1G part
2025-12-15-13h-42min-37sec: partition: system_volgroup0-lv_root 150G lvm / 18G used 13%
2025-12-15-13h-42min-37sec: partition: system_volgroup0-lv_home 287.1G lvm /home 15G used 6%
2025-12-15-13h-42min-37sec: disk: sdb 298.1G
2025-12-15-13h-42min-37sec: partition : sdb1 298.1G part
2025-12-15-13h-42min-37sec: partition : secdata_volgroup0-lv_secdata 298.1G lvm
2025-12-15-13h-42min-37sec: disk: sdc 465.8G
2025-12-15-13h-42min-37sec: partition : sdc1 465.8G part
2025-12-15-13h-42min-37sec: partition: data_volgroup0-lv_data 465.7G lvm /data 2.1M used 1%
2025-12-15-13h-42min-37sec: disk: sdd 29.8G
2025-12-15-13h-42min-37sec: partition : sdd1 29.8G part
===============================
2025-12-15-13h-42min-41sec: disk: sda 447.1G
2025-12-15-13h-42min-41sec: partition: sda1 1G part /boot/EFI 480K used 1%
2025-12-15-13h-42min-41sec: partition: sda2 1G part /boot 106M used 12%
2025-12-15-13h-42min-41sec: partition : sda4 437.1G part
2025-12-15-13h-42min-41sec: partition: system_volgroup0-lv_root 150G lvm / 18G used 13%
2025-12-15-13h-42min-41sec: partition: system_volgroup0-lv_home 287.1G lvm /home 15G used 6%
2025-12-15-13h-42min-41sec: disk: sdb 298.1G
2025-12-15-13h-42min-41sec: partition : sdb1 298.1G part
2025-12-15-13h-42min-41sec: partition : secdata_volgroup0-lv_secdata 298.1G lvm
2025-12-15-13h-42min-41sec: disk: sdc 465.8G
2025-12-15-13h-42min-41sec: partition : sdc1 465.8G part
2025-12-15-13h-42min-41sec: partition: data_volgroup0-lv_data 465.7G lvm /data 2.1M used 1%
2025-12-15-13h-42min-41sec: disk: sdd 29.8G
2025-12-15-13h-42min-41sec: partition : sdd1 29.8G part
===============================
