2025-12-15-13h-30min-04sec: disk: sda 447.1G
2025-12-15-13h-30min-04sec: partition: sda1 1G part /boot/EFI 480K used 1%
2025-12-15-13h-30min-04sec: partition: sda2 1G part /boot 106M used 12%
2025-12-15-13h-30min-05sec: partition : sda4 437.1G part
2025-12-15-13h-30min-05sec: partition: system_volgroup0-lv_root 150G lvm / 18G used 13%
2025-12-15-13h-30min-05sec: partition: system_volgroup0-lv_home 287.1G lvm /home 15G used 6%
2025-12-15-13h-30min-05sec: disk: sdb 298.1G
2025-12-15-13h-30min-05sec: partition : sdb1 298.1G part
2025-12-15-13h-30min-05sec: partition : secdata_volgroup0-lv_secdata 298.1G lvm
2025-12-15-13h-30min-05sec: disk: sdc 465.8G
2025-12-15-13h-30min-05sec: partition : sdc1 465.8G part
2025-12-15-13h-30min-05sec: partition: data_volgroup0-lv_data 465.7G lvm /data 2.1M used 1%
2025-12-15-13h-30min-05sec: disk: sdd 29.8G
2025-12-15-13h-30min-05sec: partition : sdd1 29.8G part
===============================
2025-12-15-13h-30min-09sec: disk: sda 447.1G
2025-12-15-13h-30min-09sec: partition: sda1 1G part /boot/EFI 480K used 1%
2025-12-15-13h-30min-09sec: partition: sda2 1G part /boot 106M used 12%
2025-12-15-13h-30min-09sec: partition : sda4 437.1G part
2025-12-15-13h-30min-09sec: partition: system_volgroup0-lv_root 150G lvm / 18G used 13%
2025-12-15-13h-30min-09sec: partition: system_volgroup0-lv_home 287.1G lvm /home 15G used 6%
2025-12-15-13h-30min-09sec: disk: sdb 298.1G
2025-12-15-13h-30min-09sec: partition : sdb1 298.1G part
2025-12-15-13h-30min-09sec: partition : secdata_volgroup0-lv_secdata 298.1G lvm
2025-12-15-13h-30min-09sec: disk: sdc 465.8G
2025-12-15-13h-30min-09sec: partition : sdc1 465.8G part
2025-12-15-13h-30min-09sec: partition: data_volgroup0-lv_data 465.7G lvm /data 2.1M used 1%
2025-12-15-13h-30min-09sec: disk: sdd 29.8G
2025-12-15-13h-30min-09sec: partition : sdd1 29.8G part
===============================
2025-12-15-13h-30min-13sec: disk: sda 447.1G
2025-12-15-13h-30min-13sec: partition: sda1 1G part /boot/EFI 480K used 1%
2025-12-15-13h-30min-13sec: partition: sda2 1G part /boot 106M used 12%
2025-12-15-13h-30min-13sec: partition : sda4 437.1G part
2025-12-15-13h-30min-13sec: partition: system_volgroup0-lv_root 150G lvm / 18G used 13%
2025-12-15-13h-30min-13sec: partition: system_volgroup0-lv_home 287.1G lvm /home 15G used 6%
2025-12-15-13h-30min-13sec: disk: sdb 298.1G
2025-12-15-13h-30min-13sec: partition : sdb1 298.1G part
2025-12-15-13h-30min-13sec: partition : secdata_volgroup0-lv_secdata 298.1G lvm
2025-12-15-13h-30min-13sec: disk: sdc 465.8G
2025-12-15-13h-30min-13sec: partition : sdc1 465.8G part
2025-12-15-13h-30min-13sec: partition: data_volgroup0-lv_data 465.7G lvm /data 2.1M used 1%
2025-12-15-13h-30min-13sec: disk: sdd 29.8G
2025-12-15-13h-30min-13sec: partition : sdd1 29.8G part
===============================
2025-12-15-13h-30min-18sec: disk: sda 447.1G
2025-12-15-13h-30min-18sec: partition: sda1 1G part /boot/EFI 480K used 1%
2025-12-15-13h-30min-18sec: partition: sda2 1G part /boot 106M used 12%
2025-12-15-13h-30min-18sec: partition : sda4 437.1G part
2025-12-15-13h-30min-18sec: partition: system_volgroup0-lv_root 150G lvm / 18G used 13%
2025-12-15-13h-30min-18sec: partition: system_volgroup0-lv_home 287.1G lvm /home 15G used 6%
2025-12-15-13h-30min-18sec: disk: sdb 298.1G
2025-12-15-13h-30min-18sec: partition : sdb1 298.1G part
2025-12-15-13h-30min-18sec: partition : secdata_volgroup0-lv_secdata 298.1G lvm
2025-12-15-13h-30min-18sec: disk: sdc 465.8G
2025-12-15-13h-30min-18sec: partition : sdc1 465.8G part
2025-12-15-13h-30min-18sec: partition: data_volgroup0-lv_data 465.7G lvm /data 2.1M used 1%
2025-12-15-13h-30min-18sec: disk: sdd 29.8G
2025-12-15-13h-30min-18sec: partition : sdd1 29.8G part
===============================
2025-12-15-13h-30min-22sec: disk: sda 447.1G
2025-12-15-13h-30min-22sec: partition: sda1 1G part /boot/EFI 480K used 1%
2025-12-15-13h-30min-22sec: partition: sda2 1G part /boot 106M used 12%
2025-12-15-13h-30min-22sec: partition : sda4 437.1G part
2025-12-15-13h-30min-22sec: partition: system_volgroup0-lv_root 150G lvm / 18G used 13%
2025-12-15-13h-30min-22sec: partition: system_volgroup0-lv_home 287.1G lvm /home 15G used 6%
2025-12-15-13h-30min-22sec: disk: sdb 298.1G
2025-12-15-13h-30min-22sec: partition : sdb1 298.1G part
2025-12-15-13h-30min-22sec: partition : secdata_volgroup0-lv_secdata 298.1G lvm
2025-12-15-13h-30min-22sec: disk: sdc 465.8G
2025-12-15-13h-30min-22sec: partition : sdc1 465.8G part
2025-12-15-13h-30min-22sec: partition: data_volgroup0-lv_data 465.7G lvm /data 2.1M used 1%
2025-12-15-13h-30min-22sec: disk: sdd 29.8G
2025-12-15-13h-30min-22sec: partition : sdd1 29.8G part
===============================
2025-12-15-13h-30min-26sec: disk: sda 447.1G
2025-12-15-13h-30min-26sec: partition: sda1 1G part /boot/EFI 480K used 1%
2025-12-15-13h-30min-26sec: partition: sda2 1G part /boot 106M used 12%
2025-12-15-13h-30min-26sec: partition : sda4 437.1G part
2025-12-15-13h-30min-26sec: partition: system_volgroup0-lv_root 150G lvm / 18G used 13%
2025-12-15-13h-30min-26sec: partition: system_volgroup0-lv_home 287.1G lvm /home 15G used 6%
2025-12-15-13h-30min-27sec: disk: sdb 298.1G
2025-12-15-13h-30min-27sec: partition : sdb1 298.1G part
2025-12-15-13h-30min-27sec: partition : secdata_volgroup0-lv_secdata 298.1G lvm
2025-12-15-13h-30min-27sec: disk: sdc 465.8G
2025-12-15-13h-30min-27sec: partition : sdc1 465.8G part
2025-12-15-13h-30min-27sec: partition: data_volgroup0-lv_data 465.7G lvm /data 2.1M used 1%
2025-12-15-13h-30min-27sec: disk: sdd 29.8G
2025-12-15-13h-30min-27sec: partition : sdd1 29.8G part
===============================
2025-12-15-13h-30min-31sec: disk: sda 447.1G
2025-12-15-13h-30min-31sec: partition: sda1 1G part /boot/EFI 480K used 1%
2025-12-15-13h-30min-31sec: partition: sda2 1G part /boot 106M used 12%
2025-12-15-13h-30min-31sec: partition : sda4 437.1G part
2025-12-15-13h-30min-31sec: partition: system_volgroup0-lv_root 150G lvm / 18G used 13%
2025-12-15-13h-30min-31sec: partition: system_volgroup0-lv_home 287.1G lvm /home 15G used 6%
2025-12-15-13h-30min-31sec: disk: sdb 298.1G
2025-12-15-13h-30min-31sec: partition : sdb1 298.1G part
2025-12-15-13h-30min-31sec: partition : secdata_volgroup0-lv_secdata 298.1G lvm
2025-12-15-13h-30min-31sec: disk: sdc 465.8G
2025-12-15-13h-30min-31sec: partition : sdc1 465.8G part
2025-12-15-13h-30min-31sec: partition: data_volgroup0-lv_data 465.7G lvm /data 2.1M used 1%
2025-12-15-13h-30min-31sec: disk: sdd 29.8G
2025-12-15-13h-30min-31sec: partition : sdd1 29.8G part
===============================
2025-12-15-13h-30min-35sec: disk: sda 447.1G
2025-12-15-13h-30min-35sec: partition: sda1 1G part /boot/EFI 480K used 1%
2025-12-15-13h-30min-35sec: partition: sda2 1G part /boot 106M used 12%
2025-12-15-13h-30min-35sec: partition : sda4 437.1G part
2025-12-15-13h-30min-35sec: partition: system_volgroup0-lv_root 150G lvm / 18G used 13%
2025-12-15-13h-30min-35sec: partition: system_volgroup0-lv_home 287.1G lvm /home 15G used 6%
2025-12-15-13h-30min-35sec: disk: sdb 298.1G
2025-12-15-13h-30min-35sec: partition : sdb1 298.1G part
2025-12-15-13h-30min-35sec: partition : secdata_volgroup0-lv_secdata 298.1G lvm
2025-12-15-13h-30min-35sec: disk: sdc 465.8G
2025-12-15-13h-30min-35sec: partition : sdc1 465.8G part
2025-12-15-13h-30min-35sec: partition: data_volgroup0-lv_data 465.7G lvm /data 2.1M used 1%
2025-12-15-13h-30min-35sec: disk: sdd 29.8G
2025-12-15-13h-30min-35sec: partition : sdd1 29.8G part
===============================
2025-12-15-13h-30min-40sec: disk: sda 447.1G
2025-12-15-13h-30min-40sec: partition: sda1 1G part /boot/EFI 480K used 1%
2025-12-15-13h-30min-40sec: partition: sda2 1G part /boot 106M used 12%
2025-12-15-13h-30min-40sec: partition : sda4 437.1G part
2025-12-15-13h-30min-40sec: partition: system_volgroup0-lv_root 150G lvm / 18G used 13%
2025-12-15-13h-30min-40sec: partition: system_volgroup0-lv_home 287.1G lvm /home 15G used 6%
2025-12-15-13h-30min-40sec: disk: sdb 298.1G
2025-12-15-13h-30min-40sec: partition : sdb1 298.1G part
2025-12-15-13h-30min-40sec: partition : secdata_volgroup0-lv_secdata 298.1G lvm
2025-12-15-13h-30min-40sec: disk: sdc 465.8G
2025-12-15-13h-30min-40sec: partition : sdc1 465.8G part
2025-12-15-13h-30min-40sec: partition: data_volgroup0-lv_data 465.7G lvm /data 2.1M used 1%
2025-12-15-13h-30min-40sec: disk: sdd 29.8G
2025-12-15-13h-30min-40sec: partition : sdd1 29.8G part
===============================
2025-12-15-13h-30min-44sec: disk: sda 447.1G
2025-12-15-13h-30min-44sec: partition: sda1 1G part /boot/EFI 480K used 1%
2025-12-15-13h-30min-44sec: partition: sda2 1G part /boot 106M used 12%
2025-12-15-13h-30min-44sec: partition : sda4 437.1G part
2025-12-15-13h-30min-44sec: partition: system_volgroup0-lv_root 150G lvm / 18G used 13%
2025-12-15-13h-30min-44sec: partition: system_volgroup0-lv_home 287.1G lvm /home 15G used 6%
2025-12-15-13h-30min-44sec: disk: sdb 298.1G
2025-12-15-13h-30min-44sec: partition : sdb1 298.1G part
2025-12-15-13h-30min-44sec: partition : secdata_volgroup0-lv_secdata 298.1G lvm
2025-12-15-13h-30min-44sec: disk: sdc 465.8G
2025-12-15-13h-30min-44sec: partition : sdc1 465.8G part
2025-12-15-13h-30min-44sec: partition: data_volgroup0-lv_data 465.7G lvm /data 2.1M used 1%
2025-12-15-13h-30min-44sec: disk: sdd 29.8G
2025-12-15-13h-30min-44sec: partition : sdd1 29.8G part
===============================
2025-12-15-13h-30min-48sec: disk: sda 447.1G
2025-12-15-13h-30min-48sec: partition: sda1 1G part /boot/EFI 480K used 1%
2025-12-15-13h-30min-48sec: partition: sda2 1G part /boot 106M used 12%
2025-12-15-13h-30min-48sec: partition : sda4 437.1G part
2025-12-15-13h-30min-48sec: partition: system_volgroup0-lv_root 150G lvm / 18G used 13%
2025-12-15-13h-30min-48sec: partition: system_volgroup0-lv_home 287.1G lvm /home 15G used 6%
2025-12-15-13h-30min-48sec: disk: sdb 298.1G
2025-12-15-13h-30min-48sec: partition : sdb1 298.1G part
2025-12-15-13h-30min-48sec: partition : secdata_volgroup0-lv_secdata 298.1G lvm
2025-12-15-13h-30min-48sec: disk: sdc 465.8G
2025-12-15-13h-30min-48sec: partition : sdc1 465.8G part
2025-12-15-13h-30min-48sec: partition: data_volgroup0-lv_data 465.7G lvm /data 2.1M used 1%
2025-12-15-13h-30min-48sec: disk: sdd 29.8G
2025-12-15-13h-30min-48sec: partition : sdd1 29.8G part
===============================
2025-12-15-13h-30min-53sec: disk: sda 447.1G
2025-12-15-13h-30min-53sec: partition: sda1 1G part /boot/EFI 480K used 1%
2025-12-15-13h-30min-53sec: partition: sda2 1G part /boot 106M used 12%
2025-12-15-13h-30min-53sec: partition : sda4 437.1G part
2025-12-15-13h-30min-53sec: partition: system_volgroup0-lv_root 150G lvm / 18G used 13%
2025-12-15-13h-30min-53sec: partition: system_volgroup0-lv_home 287.1G lvm /home 15G used 6%
2025-12-15-13h-30min-53sec: disk: sdb 298.1G
2025-12-15-13h-30min-53sec: partition : sdb1 298.1G part
2025-12-15-13h-30min-53sec: partition : secdata_volgroup0-lv_secdata 298.1G lvm
2025-12-15-13h-30min-53sec: disk: sdc 465.8G
2025-12-15-13h-30min-53sec: partition : sdc1 465.8G part
2025-12-15-13h-30min-53sec: partition: data_volgroup0-lv_data 465.7G lvm /data 2.1M used 1%
2025-12-15-13h-30min-53sec: disk: sdd 29.8G
2025-12-15-13h-30min-53sec: partition : sdd1 29.8G part
===============================
2025-12-15-13h-30min-57sec: disk: sda 447.1G
2025-12-15-13h-30min-57sec: partition: sda1 1G part /boot/EFI 480K used 1%
2025-12-15-13h-30min-57sec: partition: sda2 1G part /boot 106M used 12%
2025-12-15-13h-30min-57sec: partition : sda4 437.1G part
2025-12-15-13h-30min-57sec: partition: system_volgroup0-lv_root 150G lvm / 18G used 13%
2025-12-15-13h-30min-57sec: partition: system_volgroup0-lv_home 287.1G lvm /home 15G used 6%
2025-12-15-13h-30min-57sec: disk: sdb 298.1G
2025-12-15-13h-30min-57sec: partition : sdb1 298.1G part
2025-12-15-13h-30min-57sec: partition : secdata_volgroup0-lv_secdata 298.1G lvm
2025-12-15-13h-30min-57sec: disk: sdc 465.8G
2025-12-15-13h-30min-57sec: partition : sdc1 465.8G part
2025-12-15-13h-30min-57sec: partition: data_volgroup0-lv_data 465.7G lvm /data 2.1M used 1%
2025-12-15-13h-30min-57sec: disk: sdd 29.8G
2025-12-15-13h-30min-57sec: partition : sdd1 29.8G part
===============================
2025-12-15-13h-31min-01sec: disk: sda 447.1G
2025-12-15-13h-31min-01sec: partition: sda1 1G part /boot/EFI 480K used 1%
2025-12-15-13h-31min-01sec: partition: sda2 1G part /boot 106M used 12%
2025-12-15-13h-31min-01sec: partition : sda4 437.1G part
2025-12-15-13h-31min-01sec: partition: system_volgroup0-lv_root 150G lvm / 18G used 13%
2025-12-15-13h-31min-01sec: partition: system_volgroup0-lv_home 287.1G lvm /home 15G used 6%
2025-12-15-13h-31min-01sec: disk: sdb 298.1G
2025-12-15-13h-31min-01sec: partition : sdb1 298.1G part
2025-12-15-13h-31min-01sec: partition : secdata_volgroup0-lv_secdata 298.1G lvm
2025-12-15-13h-31min-01sec: disk: sdc 465.8G
2025-12-15-13h-31min-01sec: partition : sdc1 465.8G part
2025-12-15-13h-31min-01sec: partition: data_volgroup0-lv_data 465.7G lvm /data 2.1M used 1%
2025-12-15-13h-31min-01sec: disk: sdd 29.8G
2025-12-15-13h-31min-01sec: partition : sdd1 29.8G part
===============================
2025-12-15-13h-31min-06sec: disk: sda 447.1G
2025-12-15-13h-31min-06sec: partition: sda1 1G part /boot/EFI 480K used 1%
2025-12-15-13h-31min-06sec: partition: sda2 1G part /boot 106M used 12%
2025-12-15-13h-31min-06sec: partition : sda4 437.1G part
2025-12-15-13h-31min-06sec: partition: system_volgroup0-lv_root 150G lvm / 18G used 13%
2025-12-15-13h-31min-06sec: partition: system_volgroup0-lv_home 287.1G lvm /home 15G used 6%
2025-12-15-13h-31min-06sec: disk: sdb 298.1G
2025-12-15-13h-31min-06sec: partition : sdb1 298.1G part
2025-12-15-13h-31min-06sec: partition : secdata_volgroup0-lv_secdata 298.1G lvm
2025-12-15-13h-31min-06sec: disk: sdc 465.8G
2025-12-15-13h-31min-06sec: partition : sdc1 465.8G part
2025-12-15-13h-31min-06sec: partition: data_volgroup0-lv_data 465.7G lvm /data 2.1M used 1%
2025-12-15-13h-31min-06sec: disk: sdd 29.8G
2025-12-15-13h-31min-06sec: partition : sdd1 29.8G part
===============================
2025-12-15-13h-31min-10sec: disk: sda 447.1G
2025-12-15-13h-31min-10sec: partition: sda1 1G part /boot/EFI 480K used 1%
2025-12-15-13h-31min-10sec: partition: sda2 1G part /boot 106M used 12%
2025-12-15-13h-31min-10sec: partition : sda4 437.1G part
2025-12-15-13h-31min-10sec: partition: system_volgroup0-lv_root 150G lvm / 18G used 13%
2025-12-15-13h-31min-10sec: partition: system_volgroup0-lv_home 287.1G lvm /home 15G used 6%
2025-12-15-13h-31min-10sec: disk: sdb 298.1G
2025-12-15-13h-31min-10sec: partition : sdb1 298.1G part
2025-12-15-13h-31min-10sec: partition : secdata_volgroup0-lv_secdata 298.1G lvm
2025-12-15-13h-31min-10sec: disk: sdc 465.8G
2025-12-15-13h-31min-10sec: partition : sdc1 465.8G part
2025-12-15-13h-31min-10sec: partition: data_volgroup0-lv_data 465.7G lvm /data 2.1M used 1%
2025-12-15-13h-31min-10sec: disk: sdd 29.8G
2025-12-15-13h-31min-10sec: partition : sdd1 29.8G part
===============================
2025-12-15-13h-31min-14sec: disk: sda 447.1G
2025-12-15-13h-31min-14sec: partition: sda1 1G part /boot/EFI 480K used 1%
2025-12-15-13h-31min-14sec: partition: sda2 1G part /boot 106M used 12%
2025-12-15-13h-31min-14sec: partition : sda4 437.1G part
2025-12-15-13h-31min-14sec: partition: system_volgroup0-lv_root 150G lvm / 18G used 13%
2025-12-15-13h-31min-14sec: partition: system_volgroup0-lv_home 287.1G lvm /home 15G used 6%
2025-12-15-13h-31min-15sec: disk: sdb 298.1G
2025-12-15-13h-31min-15sec: partition : sdb1 298.1G part
2025-12-15-13h-31min-15sec: partition : secdata_volgroup0-lv_secdata 298.1G lvm
2025-12-15-13h-31min-15sec: disk: sdc 465.8G
2025-12-15-13h-31min-15sec: partition : sdc1 465.8G part
2025-12-15-13h-31min-15sec: partition: data_volgroup0-lv_data 465.7G lvm /data 2.1M used 1%
2025-12-15-13h-31min-15sec: disk: sdd 29.8G
2025-12-15-13h-31min-15sec: partition : sdd1 29.8G part
===============================
2025-12-15-13h-31min-19sec: disk: sda 447.1G
2025-12-15-13h-31min-19sec: partition: sda1 1G part /boot/EFI 480K used 1%
2025-12-15-13h-31min-19sec: partition: sda2 1G part /boot 106M used 12%
2025-12-15-13h-31min-19sec: partition : sda4 437.1G part
2025-12-15-13h-31min-19sec: partition: system_volgroup0-lv_root 150G lvm / 18G used 13%
2025-12-15-13h-31min-19sec: partition: system_volgroup0-lv_home 287.1G lvm /home 15G used 6%
2025-12-15-13h-31min-19sec: disk: sdb 298.1G
2025-12-15-13h-31min-19sec: partition : sdb1 298.1G part
2025-12-15-13h-31min-19sec: partition : secdata_volgroup0-lv_secdata 298.1G lvm
2025-12-15-13h-31min-19sec: disk: sdc 465.8G
2025-12-15-13h-31min-19sec: partition : sdc1 465.8G part
2025-12-15-13h-31min-19sec: partition: data_volgroup0-lv_data 465.7G lvm /data 2.1M used 1%
2025-12-15-13h-31min-19sec: disk: sdd 29.8G
2025-12-15-13h-31min-19sec: partition : sdd1 29.8G part
===============================
2025-12-15-13h-31min-23sec: disk: sda 447.1G
2025-12-15-13h-31min-23sec: partition: sda1 1G part /boot/EFI 480K used 1%
2025-12-15-13h-31min-23sec: partition: sda2 1G part /boot 106M used 12%
2025-12-15-13h-31min-23sec: partition : sda4 437.1G part
2025-12-15-13h-31min-23sec: partition: system_volgroup0-lv_root 150G lvm / 18G used 13%
2025-12-15-13h-31min-23sec: partition: system_volgroup0-lv_home 287.1G lvm /home 15G used 6%
2025-12-15-13h-31min-23sec: disk: sdb 298.1G
2025-12-15-13h-31min-23sec: partition : sdb1 298.1G part
2025-12-15-13h-31min-23sec: partition : secdata_volgroup0-lv_secdata 298.1G lvm
2025-12-15-13h-31min-23sec: disk: sdc 465.8G
2025-12-15-13h-31min-23sec: partition : sdc1 465.8G part
2025-12-15-13h-31min-23sec: partition: data_volgroup0-lv_data 465.7G lvm /data 2.1M used 1%
2025-12-15-13h-31min-23sec: disk: sdd 29.8G
2025-12-15-13h-31min-23sec: partition : sdd1 29.8G part
===============================
2025-12-15-13h-31min-28sec: disk: sda 447.1G
2025-12-15-13h-31min-28sec: partition: sda1 1G part /boot/EFI 480K used 1%
2025-12-15-13h-31min-28sec: partition: sda2 1G part /boot 106M used 12%
2025-12-15-13h-31min-28sec: partition : sda4 437.1G part
2025-12-15-13h-31min-28sec: partition: system_volgroup0-lv_root 150G lvm / 18G used 13%
2025-12-15-13h-31min-28sec: partition: system_volgroup0-lv_home 287.1G lvm /home 15G used 6%
2025-12-15-13h-31min-28sec: disk: sdb 298.1G
2025-12-15-13h-31min-28sec: partition : sdb1 298.1G part
2025-12-15-13h-31min-28sec: partition : secdata_volgroup0-lv_secdata 298.1G lvm
2025-12-15-13h-31min-28sec: disk: sdc 465.8G
2025-12-15-13h-31min-28sec: partition : sdc1 465.8G part
2025-12-15-13h-31min-28sec: partition: data_volgroup0-lv_data 465.7G lvm /data 2.1M used 1%
2025-12-15-13h-31min-28sec: disk: sdd 29.8G
2025-12-15-13h-31min-28sec: partition : sdd1 29.8G part
===============================
2025-12-15-13h-31min-32sec: disk: sda 447.1G
2025-12-15-13h-31min-32sec: partition: sda1 1G part /boot/EFI 480K used 1%
2025-12-15-13h-31min-32sec: partition: sda2 1G part /boot 106M used 12%
2025-12-15-13h-31min-32sec: partition : sda4 437.1G part
2025-12-15-13h-31min-32sec: partition: system_volgroup0-lv_root 150G lvm / 18G used 13%
2025-12-15-13h-31min-32sec: partition: system_volgroup0-lv_home 287.1G lvm /home 15G used 6%
2025-12-15-13h-31min-32sec: disk: sdb 298.1G
2025-12-15-13h-31min-32sec: partition : sdb1 298.1G part
2025-12-15-13h-31min-32sec: partition : secdata_volgroup0-lv_secdata 298.1G lvm
2025-12-15-13h-31min-32sec: disk: sdc 465.8G
2025-12-15-13h-31min-32sec: partition : sdc1 465.8G part
2025-12-15-13h-31min-32sec: partition: data_volgroup0-lv_data 465.7G lvm /data 2.1M used 1%
2025-12-15-13h-31min-32sec: disk: sdd 29.8G
2025-12-15-13h-31min-32sec: partition : sdd1 29.8G part
===============================
2025-12-15-13h-31min-36sec: disk: sda 447.1G
2025-12-15-13h-31min-36sec: partition: sda1 1G part /boot/EFI 480K used 1%
2025-12-15-13h-31min-36sec: partition: sda2 1G part /boot 106M used 12%
2025-12-15-13h-31min-36sec: partition : sda4 437.1G part
2025-12-15-13h-31min-36sec: partition: system_volgroup0-lv_root 150G lvm / 18G used 13%
2025-12-15-13h-31min-36sec: partition: system_volgroup0-lv_home 287.1G lvm /home 15G used 6%
2025-12-15-13h-31min-36sec: disk: sdb 298.1G
2025-12-15-13h-31min-36sec: partition : sdb1 298.1G part
2025-12-15-13h-31min-36sec: partition : secdata_volgroup0-lv_secdata 298.1G lvm
2025-12-15-13h-31min-36sec: disk: sdc 465.8G
2025-12-15-13h-31min-36sec: partition : sdc1 465.8G part
2025-12-15-13h-31min-36sec: partition: data_volgroup0-lv_data 465.7G lvm /data 2.1M used 1%
2025-12-15-13h-31min-36sec: disk: sdd 29.8G
2025-12-15-13h-31min-36sec: partition : sdd1 29.8G part
===============================
2025-12-15-13h-31min-41sec: disk: sda 447.1G
2025-12-15-13h-31min-41sec: partition: sda1 1G part /boot/EFI 480K used 1%
2025-12-15-13h-31min-41sec: partition: sda2 1G part /boot 106M used 12%
2025-12-15-13h-31min-41sec: partition : sda4 437.1G part
2025-12-15-13h-31min-41sec: partition: system_volgroup0-lv_root 150G lvm / 18G used 13%
2025-12-15-13h-31min-41sec: partition: system_volgroup0-lv_home 287.1G lvm /home 15G used 6%
2025-12-15-13h-31min-41sec: disk: sdb 298.1G
2025-12-15-13h-31min-41sec: partition : sdb1 298.1G part
2025-12-15-13h-31min-41sec: partition : secdata_volgroup0-lv_secdata 298.1G lvm
2025-12-15-13h-31min-41sec: disk: sdc 465.8G
2025-12-15-13h-31min-41sec: partition : sdc1 465.8G part
2025-12-15-13h-31min-41sec: partition: data_volgroup0-lv_data 465.7G lvm /data 2.1M used 1%
2025-12-15-13h-31min-41sec: disk: sdd 29.8G
2025-12-15-13h-31min-41sec: partition : sdd1 29.8G part
===============================
2025-12-15-13h-31min-45sec: disk: sda 447.1G
2025-12-15-13h-31min-45sec: partition: sda1 1G part /boot/EFI 480K used 1%
2025-12-15-13h-31min-45sec: partition: sda2 1G part /boot 106M used 12%
2025-12-15-13h-31min-45sec: partition : sda4 437.1G part
2025-12-15-13h-31min-45sec: partition: system_volgroup0-lv_root 150G lvm / 18G used 13%
2025-12-15-13h-31min-45sec: partition: system_volgroup0-lv_home 287.1G lvm /home 15G used 6%
2025-12-15-13h-31min-45sec: disk: sdb 298.1G
2025-12-15-13h-31min-45sec: partition : sdb1 298.1G part
2025-12-15-13h-31min-45sec: partition : secdata_volgroup0-lv_secdata 298.1G lvm
2025-12-15-13h-31min-45sec: disk: sdc 465.8G
2025-12-15-13h-31min-45sec: partition : sdc1 465.8G part
2025-12-15-13h-31min-45sec: partition: data_volgroup0-lv_data 465.7G lvm /data 2.1M used 1%
2025-12-15-13h-31min-45sec: disk: sdd 29.8G
2025-12-15-13h-31min-45sec: partition : sdd1 29.8G part
===============================
