2025-12-15-13h-23min-08sec: disk: sda 447.1G
2025-12-15-13h-23min-08sec: partition: sda1 1G part /boot/EFI 480K used 1%
2025-12-15-13h-23min-08sec: partition: sda2 1G part /boot 106M used 12%
2025-12-15-13h-23min-08sec: partition : sda4 437.1G part
2025-12-15-13h-23min-08sec: partition: system_volgroup0-lv_root 150G lvm / 18G used 13%
2025-12-15-13h-23min-08sec: partition: system_volgroup0-lv_home 287.1G lvm /home 15G used 6%
2025-12-15-13h-23min-08sec: disk: sdb 298.1G
2025-12-15-13h-23min-08sec: partition : sdb1 298.1G part
2025-12-15-13h-23min-08sec: partition : secdata_volgroup0-lv_secdata 298.1G lvm
2025-12-15-13h-23min-08sec: disk: sdc 465.8G
2025-12-15-13h-23min-08sec: partition : sdc1 465.8G part
2025-12-15-13h-23min-08sec: partition: data_volgroup0-lv_data 465.7G lvm /data 2.1M used 1%
2025-12-15-13h-23min-08sec: disk: sdd 29.8G
2025-12-15-13h-23min-08sec: partition : sdd1 29.8G part
===============================
2025-12-15-13h-23min-13sec: disk: sda 447.1G
2025-12-15-13h-23min-13sec: partition: sda1 1G part /boot/EFI 480K used 1%
2025-12-15-13h-23min-13sec: partition: sda2 1G part /boot 106M used 12%
2025-12-15-13h-23min-13sec: partition : sda4 437.1G part
2025-12-15-13h-23min-13sec: partition: system_volgroup0-lv_root 150G lvm / 18G used 13%
2025-12-15-13h-23min-13sec: partition: system_volgroup0-lv_home 287.1G lvm /home 15G used 6%
2025-12-15-13h-23min-13sec: disk: sdb 298.1G
2025-12-15-13h-23min-13sec: partition : sdb1 298.1G part
2025-12-15-13h-23min-13sec: partition : secdata_volgroup0-lv_secdata 298.1G lvm
2025-12-15-13h-23min-13sec: disk: sdc 465.8G
2025-12-15-13h-23min-13sec: partition : sdc1 465.8G part
2025-12-15-13h-23min-13sec: partition: data_volgroup0-lv_data 465.7G lvm /data 2.1M used 1%
2025-12-15-13h-23min-13sec: disk: sdd 29.8G
2025-12-15-13h-23min-13sec: partition : sdd1 29.8G part
===============================
2025-12-15-13h-23min-17sec: disk: sda 447.1G
2025-12-15-13h-23min-17sec: partition: sda1 1G part /boot/EFI 480K used 1%
2025-12-15-13h-23min-17sec: partition: sda2 1G part /boot 106M used 12%
2025-12-15-13h-23min-17sec: partition : sda4 437.1G part
2025-12-15-13h-23min-17sec: partition: system_volgroup0-lv_root 150G lvm / 18G used 13%
2025-12-15-13h-23min-17sec: partition: system_volgroup0-lv_home 287.1G lvm /home 15G used 6%
2025-12-15-13h-23min-17sec: disk: sdb 298.1G
2025-12-15-13h-23min-17sec: partition : sdb1 298.1G part
2025-12-15-13h-23min-17sec: partition : secdata_volgroup0-lv_secdata 298.1G lvm
2025-12-15-13h-23min-17sec: disk: sdc 465.8G
2025-12-15-13h-23min-17sec: partition : sdc1 465.8G part
2025-12-15-13h-23min-17sec: partition: data_volgroup0-lv_data 465.7G lvm /data 2.1M used 1%
2025-12-15-13h-23min-17sec: disk: sdd 29.8G
2025-12-15-13h-23min-17sec: partition : sdd1 29.8G part
===============================
2025-12-15-13h-23min-22sec: disk: sda 447.1G
2025-12-15-13h-23min-22sec: partition: sda1 1G part /boot/EFI 480K used 1%
2025-12-15-13h-23min-22sec: partition: sda2 1G part /boot 106M used 12%
2025-12-15-13h-23min-22sec: partition : sda4 437.1G part
2025-12-15-13h-23min-22sec: partition: system_volgroup0-lv_root 150G lvm / 18G used 13%
2025-12-15-13h-23min-22sec: partition: system_volgroup0-lv_home 287.1G lvm /home 15G used 6%
2025-12-15-13h-23min-22sec: disk: sdb 298.1G
2025-12-15-13h-23min-22sec: partition : sdb1 298.1G part
2025-12-15-13h-23min-22sec: partition : secdata_volgroup0-lv_secdata 298.1G lvm
2025-12-15-13h-23min-22sec: disk: sdc 465.8G
2025-12-15-13h-23min-22sec: partition : sdc1 465.8G part
2025-12-15-13h-23min-22sec: partition: data_volgroup0-lv_data 465.7G lvm /data 2.1M used 1%
2025-12-15-13h-23min-22sec: disk: sdd 29.8G
2025-12-15-13h-23min-22sec: partition : sdd1 29.8G part
===============================
2025-12-15-13h-23min-26sec: disk: sda 447.1G
2025-12-15-13h-23min-26sec: partition: sda1 1G part /boot/EFI 480K used 1%
2025-12-15-13h-23min-26sec: partition: sda2 1G part /boot 106M used 12%
2025-12-15-13h-23min-26sec: partition : sda4 437.1G part
2025-12-15-13h-23min-26sec: partition: system_volgroup0-lv_root 150G lvm / 18G used 13%
2025-12-15-13h-23min-26sec: partition: system_volgroup0-lv_home 287.1G lvm /home 15G used 6%
2025-12-15-13h-23min-26sec: disk: sdb 298.1G
2025-12-15-13h-23min-26sec: partition : sdb1 298.1G part
2025-12-15-13h-23min-26sec: partition : secdata_volgroup0-lv_secdata 298.1G lvm
2025-12-15-13h-23min-26sec: disk: sdc 465.8G
2025-12-15-13h-23min-26sec: partition : sdc1 465.8G part
2025-12-15-13h-23min-26sec: partition: data_volgroup0-lv_data 465.7G lvm /data 2.1M used 1%
2025-12-15-13h-23min-26sec: disk: sdd 29.8G
2025-12-15-13h-23min-26sec: partition : sdd1 29.8G part
===============================
2025-12-15-13h-23min-30sec: disk: sda 447.1G
2025-12-15-13h-23min-30sec: partition: sda1 1G part /boot/EFI 480K used 1%
2025-12-15-13h-23min-30sec: partition: sda2 1G part /boot 106M used 12%
2025-12-15-13h-23min-30sec: partition : sda4 437.1G part
2025-12-15-13h-23min-30sec: partition: system_volgroup0-lv_root 150G lvm / 18G used 13%
2025-12-15-13h-23min-30sec: partition: system_volgroup0-lv_home 287.1G lvm /home 15G used 6%
2025-12-15-13h-23min-30sec: disk: sdb 298.1G
2025-12-15-13h-23min-30sec: partition : sdb1 298.1G part
2025-12-15-13h-23min-30sec: partition : secdata_volgroup0-lv_secdata 298.1G lvm
2025-12-15-13h-23min-30sec: disk: sdc 465.8G
2025-12-15-13h-23min-30sec: partition : sdc1 465.8G part
2025-12-15-13h-23min-30sec: partition: data_volgroup0-lv_data 465.7G lvm /data 2.1M used 1%
2025-12-15-13h-23min-30sec: disk: sdd 29.8G
2025-12-15-13h-23min-30sec: partition : sdd1 29.8G part
===============================
2025-12-15-13h-23min-35sec: disk: sda 447.1G
2025-12-15-13h-23min-35sec: partition: sda1 1G part /boot/EFI 480K used 1%
2025-12-15-13h-23min-35sec: partition: sda2 1G part /boot 106M used 12%
2025-12-15-13h-23min-35sec: partition : sda4 437.1G part
2025-12-15-13h-23min-35sec: partition: system_volgroup0-lv_root 150G lvm / 18G used 13%
2025-12-15-13h-23min-35sec: partition: system_volgroup0-lv_home 287.1G lvm /home 15G used 6%
2025-12-15-13h-23min-35sec: disk: sdb 298.1G
2025-12-15-13h-23min-35sec: partition : sdb1 298.1G part
2025-12-15-13h-23min-35sec: partition : secdata_volgroup0-lv_secdata 298.1G lvm
2025-12-15-13h-23min-35sec: disk: sdc 465.8G
2025-12-15-13h-23min-35sec: partition : sdc1 465.8G part
2025-12-15-13h-23min-35sec: partition: data_volgroup0-lv_data 465.7G lvm /data 2.1M used 1%
2025-12-15-13h-23min-35sec: disk: sdd 29.8G
2025-12-15-13h-23min-35sec: partition : sdd1 29.8G part
===============================
2025-12-15-13h-23min-39sec: disk: sda 447.1G
2025-12-15-13h-23min-39sec: partition: sda1 1G part /boot/EFI 480K used 1%
2025-12-15-13h-23min-39sec: partition: sda2 1G part /boot 106M used 12%
2025-12-15-13h-23min-39sec: partition : sda4 437.1G part
2025-12-15-13h-23min-39sec: partition: system_volgroup0-lv_root 150G lvm / 18G used 13%
2025-12-15-13h-23min-39sec: partition: system_volgroup0-lv_home 287.1G lvm /home 15G used 6%
2025-12-15-13h-23min-39sec: disk: sdb 298.1G
2025-12-15-13h-23min-39sec: partition : sdb1 298.1G part
2025-12-15-13h-23min-39sec: partition : secdata_volgroup0-lv_secdata 298.1G lvm
2025-12-15-13h-23min-39sec: disk: sdc 465.8G
2025-12-15-13h-23min-39sec: partition : sdc1 465.8G part
2025-12-15-13h-23min-39sec: partition: data_volgroup0-lv_data 465.7G lvm /data 2.1M used 1%
2025-12-15-13h-23min-39sec: disk: sdd 29.8G
2025-12-15-13h-23min-39sec: partition : sdd1 29.8G part
===============================
2025-12-15-13h-23min-43sec: disk: sda 447.1G
2025-12-15-13h-23min-43sec: partition: sda1 1G part /boot/EFI 480K used 1%
2025-12-15-13h-23min-43sec: partition: sda2 1G part /boot 106M used 12%
2025-12-15-13h-23min-43sec: partition : sda4 437.1G part
2025-12-15-13h-23min-43sec: partition: system_volgroup0-lv_root 150G lvm / 18G used 13%
2025-12-15-13h-23min-44sec: partition: system_volgroup0-lv_home 287.1G lvm /home 15G used 6%
2025-12-15-13h-23min-44sec: disk: sdb 298.1G
2025-12-15-13h-23min-44sec: partition : sdb1 298.1G part
2025-12-15-13h-23min-44sec: partition : secdata_volgroup0-lv_secdata 298.1G lvm
2025-12-15-13h-23min-44sec: disk: sdc 465.8G
2025-12-15-13h-23min-44sec: partition : sdc1 465.8G part
2025-12-15-13h-23min-44sec: partition: data_volgroup0-lv_data 465.7G lvm /data 2.1M used 1%
2025-12-15-13h-23min-44sec: disk: sdd 29.8G
2025-12-15-13h-23min-44sec: partition : sdd1 29.8G part
===============================
2025-12-15-13h-23min-48sec: disk: sda 447.1G
2025-12-15-13h-23min-48sec: partition: sda1 1G part /boot/EFI 480K used 1%
2025-12-15-13h-23min-48sec: partition: sda2 1G part /boot 106M used 12%
2025-12-15-13h-23min-48sec: partition : sda4 437.1G part
2025-12-15-13h-23min-48sec: partition: system_volgroup0-lv_root 150G lvm / 18G used 13%
2025-12-15-13h-23min-48sec: partition: system_volgroup0-lv_home 287.1G lvm /home 15G used 6%
2025-12-15-13h-23min-48sec: disk: sdb 298.1G
2025-12-15-13h-23min-48sec: partition : sdb1 298.1G part
2025-12-15-13h-23min-48sec: partition : secdata_volgroup0-lv_secdata 298.1G lvm
2025-12-15-13h-23min-48sec: disk: sdc 465.8G
2025-12-15-13h-23min-48sec: partition : sdc1 465.8G part
2025-12-15-13h-23min-48sec: partition: data_volgroup0-lv_data 465.7G lvm /data 2.1M used 1%
2025-12-15-13h-23min-48sec: disk: sdd 29.8G
2025-12-15-13h-23min-48sec: partition : sdd1 29.8G part
===============================
2025-12-15-13h-23min-52sec: disk: sda 447.1G
2025-12-15-13h-23min-52sec: partition: sda1 1G part /boot/EFI 480K used 1%
2025-12-15-13h-23min-52sec: partition: sda2 1G part /boot 106M used 12%
2025-12-15-13h-23min-52sec: partition : sda4 437.1G part
2025-12-15-13h-23min-52sec: partition: system_volgroup0-lv_root 150G lvm / 18G used 13%
2025-12-15-13h-23min-52sec: partition: system_volgroup0-lv_home 287.1G lvm /home 15G used 6%
2025-12-15-13h-23min-52sec: disk: sdb 298.1G
2025-12-15-13h-23min-52sec: partition : sdb1 298.1G part
2025-12-15-13h-23min-52sec: partition : secdata_volgroup0-lv_secdata 298.1G lvm
2025-12-15-13h-23min-52sec: disk: sdc 465.8G
2025-12-15-13h-23min-52sec: partition : sdc1 465.8G part
2025-12-15-13h-23min-52sec: partition: data_volgroup0-lv_data 465.7G lvm /data 2.1M used 1%
2025-12-15-13h-23min-52sec: disk: sdd 29.8G
2025-12-15-13h-23min-52sec: partition : sdd1 29.8G part
===============================
